<?xml version="1.0" encoding="utf-8" standalone="no"?>
<!--This file represents the results of running a test suite-->
<test-results name="E:\Rahul Mistry\Automation testing stuff\Blank Automation Framework\Demo\bin\Debug\Demo.dll" total="1" errors="1" failures="0" not-run="0" inconclusive="0" ignored="0" skipped="0" invalid="0" date="2016-08-30" time="11:36:55">
  <environment nunit-version="2.6.4.14350" clr-version="2.0.50727.7905" os-version="Microsoft Windows NT 6.2.9200.0" platform="Win32NT" cwd="E:\Rahul Mistry\Automation testing stuff\Blank Automation Framework\Demo\bin\Debug" machine-name="AUTOMATIONPC2" user="kiwiQA" user-domain="AUTOMATIONPC2" />
  <culture-info current-culture="en-US" current-uiculture="en-US" />
  <test-suite type="Assembly" name="E:\Rahul Mistry\Automation testing stuff\Blank Automation Framework\Demo\bin\Debug\Demo.dll" executed="True" result="Failure" success="False" time="31.825" asserts="0">
    <results>
      <test-suite type="Namespace" name="TestCases" executed="True" result="Failure" success="False" time="31.767" asserts="0">
        <results>
          <test-suite type="TestFixture" name="TestSuites" executed="True" result="Failure" success="False" time="31.760" asserts="0">
            <results>
              <test-case name="TestCases.TestSuites.Demo_MouseHover" executed="True" result="Error" success="False" time="31.706" asserts="2">
                <failure>
                  <message><![CDATA[OpenQA.Selenium.DriverServiceNotFoundException : The chromedriver.exe file does not exist in the current directory or in a directory on the PATH environment variable. The driver can be downloaded at http://chromedriver.storage.googleapis.com/index.html.]]></message>
                  <stack-trace><![CDATA[at OpenQA.Selenium.DriverService.FindDriverServiceExecutable(String executableName, Uri downloadUrl)
at OpenQA.Selenium.Chrome.ChromeDriver..ctor(ChromeOptions options)
at Framework.PageObjects.HomeObjects.Demo_MouseHover() in e:\Rahul Mistry\Automation testing stuff\Blank Automation Framework\Demo\Framework\PageObjects\HomeObjects.cs:line 104
at Framework.PageObjects.HomeObjects.Demo_MouseHover(IWebDriver driver) in e:\Rahul Mistry\Automation testing stuff\Blank Automation Framework\Demo\Framework\PageObjects\HomeObjects.cs:line 32
at TestCases.Home.Demo_MouseHover() in e:\Rahul Mistry\Automation testing stuff\Blank Automation Framework\Demo\TestCases\Home.cs:line 43
at TestCases.TestSuites.Demo_MouseHover() in e:\Rahul Mistry\Automation testing stuff\Blank Automation Framework\Demo\TestCases\TestSuites.cs:line 58
]]></stack-trace>
                </failure>
              </test-case>
            </results>
          </test-suite>
        </results>
      </test-suite>
    </results>
  </test-suite>
</test-results>